<?xml version="1.0" encoding="UTF-8"?>
<!-- Generated by org.testng.reporters.JUnitXMLReporter -->
<testsuite hostname="JayNits-MBP.attlocal.net" ignored="0" name="Tests on Chrome" tests="7" failures="0" timestamp="24 Jul 2021 23:43:43 GMT" time="96.578" errors="0">
  <testcase name="getAParticularUser" time="1.7" classname="UIAPI.Testing.UserAPITest"/>
  <testcase name="getAllUsers" time="0.184" classname="UIAPI.Testing.UserAPITest"/>
  <testcase name="getCreateNewUser" time="0.36" classname="UIAPI.Testing.UserAPITest"/>
  <testcase name="testDepositAmountForFirstCustomer" time="14.206" classname="UIAPI.Testing.CustomerTest"/>
  <testcase name="testDepositAmountForEachCustomer" time="30.958" classname="UIAPI.Testing.CustomerTest"/>
  <testcase name="testDepositAmountAndWithdrawlForFirstCustomer" time="33.809" classname="UIAPI.Testing.CustomerTest"/>
  <testcase name="testDepositAmountAndWithdrawlForDynamicCustomer" time="15.286" classname="UIAPI.Testing.CustomerTest"/>
</testsuite> <!-- Tests on Chrome -->
